<?xml version="1.0" encoding="UTF-8"?>
<!-- Generated by org.testng.reporters.JUnitReportReporter -->
<testsuite skipped="0" hostname="CBEN-0163L14-LX" name="com.myhybrid.testcases.EndToEndTest" tests="1" failures="0" timestamp="2021-05-04T08:28:01 CST" time="109.526" errors="0">
  <testcase name="endToEndTest" time="109.526" classname="com.myhybrid.testcases.EndToEndTest"/>
  <system-out/>
</testsuite> <!-- com.myhybrid.testcases.EndToEndTest -->
