<?xml version="1.0" encoding="UTF-8"?>
<!-- Generated by org.testng.reporters.JUnitReportReporter -->
<testsuite skipped="0" hostname="CBEN-0163L14-LX" name="com.myhybrid.testcases.IndexPage" tests="1" failures="0" timestamp="2021-04-07T12:07:17 CST" time="0.010" errors="0">
  <testcase name="runTest" time="0.010" classname="com.myhybrid.testcases.IndexPage"/>
  <system-out/>
</testsuite> <!-- com.myhybrid.testcases.IndexPage -->
