<?xml version="1.0" encoding="UTF-8"?>
<!-- Generated by org.testng.reporters.JUnitReportReporter -->
<testsuite skipped="0" hostname="CBEN-0163L14-LX" name="com.myhybrid.testcases.SearchResultPageTest" tests="1" failures="0" timestamp="2021-05-04T08:28:01 CST" time="11.860" errors="0">
  <testcase name="productAvailabilityTest" time="11.860" classname="com.myhybrid.testcases.SearchResultPageTest"/>
  <system-out/>
</testsuite> <!-- com.myhybrid.testcases.SearchResultPageTest -->
