<?xml version="1.0" encoding="UTF-8"?>
<!-- Generated by org.testng.reporters.JUnitReportReporter -->
<testsuite skipped="0" hostname="CBEN-0163L14-LX" name="com.myhybrid.testcases.LoginPageTest" tests="1" failures="0" timestamp="2021-05-04T08:28:01 CST" time="25.245" errors="0">
  <testcase name="loginTest" time="25.245" classname="com.myhybrid.testcases.LoginPageTest"/>
  <system-out/>
</testsuite> <!-- com.myhybrid.testcases.LoginPageTest -->
