<?xml version="1.0" encoding="UTF-8"?>
<!-- Generated by org.testng.reporters.JUnitReportReporter -->
<testsuite skipped="0" hostname="CBEN-0163L14-LX" name="com.myhybrid.testcases.AccountCreationPageTest" tests="1" failures="0" timestamp="2021-05-04T08:28:01 CST" time="11.525" errors="0">
  <testcase name="verifyCreateAccountPageTest" time="11.525" classname="com.myhybrid.testcases.AccountCreationPageTest"/>
  <system-out/>
</testsuite> <!-- com.myhybrid.testcases.AccountCreationPageTest -->
