<?xml version="1.0" encoding="UTF-8"?>
<!-- Generated by org.testng.reporters.JUnitReportReporter -->
<testsuite skipped="0" hostname="CBEN-0163L14-LX" name="com.myhybrid.testcases.TestPage" tests="1" failures="0" timestamp="2021-04-15T17:09:20 CST" time="10.047" errors="0">
  <testcase name="test" time="10.047" classname="com.myhybrid.testcases.TestPage"/>
  <system-out/>
</testsuite> <!-- com.myhybrid.testcases.TestPage -->
