<?xml version="1.0" encoding="UTF-8"?>
<!-- Generated by org.testng.reporters.JUnitReportReporter -->
<testsuite skipped="0" hostname="CBEN-0163L14-LX" name="com.myhybrid.testcases.IndexPageTest" tests="2" failures="0" timestamp="2021-05-04T08:28:01 CST" time="20.809" errors="0">
  <testcase name="verifyLogo" time="11.139" classname="com.myhybrid.testcases.IndexPageTest"/>
  <system-out/>
  <testcase name="verifyTitle" time="9.670" classname="com.myhybrid.testcases.IndexPageTest"/>
  <system-out/>
</testsuite> <!-- com.myhybrid.testcases.IndexPageTest -->
