<?xml version="1.0" encoding="UTF-8"?>
<!-- Generated by org.testng.reporters.JUnitReportReporter -->
<testsuite skipped="0" hostname="CBEN-0163L14-LX" name="com.myhybrid.testcases.HomePageTest" tests="2" failures="0" timestamp="2021-05-04T08:28:01 CST" time="54.259" errors="0">
  <testcase name="wishListTest" time="23.786" classname="com.myhybrid.testcases.HomePageTest"/>
  <system-out/>
  <testcase name="orderHistoryandDetailsTest" time="30.473" classname="com.myhybrid.testcases.HomePageTest"/>
  <system-out/>
</testsuite> <!-- com.myhybrid.testcases.HomePageTest -->
