<?xml version="1.0" encoding="UTF-8"?>
<!-- Generated by org.testng.reporters.JUnitReportReporter -->
<testsuite skipped="0" hostname="CBEN-0163L14-LX" name="com.myhybrid.testcases.AddToCartPageTest" tests="1" failures="0" timestamp="2021-05-04T08:28:01 CST" time="32.975" errors="0">
  <testcase name="addToCartTest" time="32.975" classname="com.myhybrid.testcases.AddToCartPageTest"/>
  <system-out/>
</testsuite> <!-- com.myhybrid.testcases.AddToCartPageTest -->
