<?xml version="1.0" encoding="UTF-8"?>
<!-- Generated by org.testng.reporters.JUnitReportReporter -->
<testsuite skipped="0" hostname="CBEN-0163L14-LX" name="com.myhybrid.testcases.IndexPageTest" tests="6" failures="0" timestamp="2021-05-14T08:37:26 CST" time="117.400" errors="0">
  <testcase name="verifyLogo" time="25.232" classname="com.myhybrid.testcases.IndexPageTest"/>
  <system-out/>
  <testcase name="verifyLogo" time="10.700" classname="com.myhybrid.testcases.IndexPageTest"/>
  <system-out/>
  <testcase name="verifyTitle" time="19.814" classname="com.myhybrid.testcases.IndexPageTest"/>
  <system-out/>
  <testcase name="verifyLogo" time="20.418" classname="com.myhybrid.testcases.IndexPageTest"/>
  <system-out/>
  <testcase name="verifyTitle" time="31.059" classname="com.myhybrid.testcases.IndexPageTest"/>
  <system-out/>
  <testcase name="verifyTitle" time="10.177" classname="com.myhybrid.testcases.IndexPageTest"/>
  <system-out/>
</testsuite> <!-- com.myhybrid.testcases.IndexPageTest -->
